-------------------------------------------------------------------------------
Test set: com.example.oasis.serviceImpl.RankTest
-------------------------------------------------------------------------------
Tests run: 6, Failures: 0, Errors: 1, Skipped: 0, Time elapsed: 3.517 s <<< FAILURE! - in com.example.oasis.serviceImpl.RankTest
getPublicTrend2  Time elapsed: 3.488 s  <<< ERROR!
org.mybatis.spring.MyBatisSystemException: 
nested exception is org.apache.ibatis.exceptions.PersistenceException: 
### Error querying database.  Cause: org.springframework.jdbc.CannotGetJdbcConnectionException: Failed to obtain JDBC Connection; nested exception is com.mysql.cj.jdbc.exceptions.CommunicationsException: Communications link failure

The last packet sent successfully to the server was 0 milliseconds ago. The driver has not received any packets from the server.
### The error may exist in file [E:\backend-webtest\target\classes\data\RankMapper.xml]
### The error may involve com.example.oasis.dao.RankMapper.getPublicTrend2
### The error occurred while executing a query
### Cause: org.springframework.jdbc.CannotGetJdbcConnectionException: Failed to obtain JDBC Connection; nested exception is com.mysql.cj.jdbc.exceptions.CommunicationsException: Communications link failure

The last packet sent successfully to the server was 0 milliseconds ago. The driver has not received any packets from the server.
	at com.example.oasis.serviceImpl.RankTest.getPublicTrend2(RankTest.java:485)
Caused by: org.apache.ibatis.exceptions.PersistenceException: 

### Error querying database.  Cause: org.springframework.jdbc.CannotGetJdbcConnectionException: Failed to obtain JDBC Connection; nested exception is com.mysql.cj.jdbc.exceptions.CommunicationsException: Communications link failure

The last packet sent successfully to the server was 0 milliseconds ago. The driver has not received any packets from the server.
### The error may exist in file [E:\backend-webtest\target\classes\data\RankMapper.xml]
### The error may involve com.example.oasis.dao.RankMapper.getPublicTrend2
### The error occurred while executing a query
### Cause: org.springframework.jdbc.CannotGetJdbcConnectionException: Failed to obtain JDBC Connection; nested exception is com.mysql.cj.jdbc.exceptions.CommunicationsException: Communications link failure

The last packet sent successfully to the server was 0 milliseconds ago. The driver has not received any packets from the server.
	at com.example.oasis.serviceImpl.RankTest.getPublicTrend2(RankTest.java:485)
Caused by: org.springframework.jdbc.CannotGetJdbcConnectionException: 
Failed to obtain JDBC Connection; nested exception is com.mysql.cj.jdbc.exceptions.CommunicationsException: Communications link failure

The last packet sent successfully to the server was 0 milliseconds ago. The driver has not received any packets from the server.
	at com.example.oasis.serviceImpl.RankTest.getPublicTrend2(RankTest.java:485)
Caused by: com.mysql.cj.jdbc.exceptions.CommunicationsException: 
Communications link failure

The last packet sent successfully to the server was 0 milliseconds ago. The driver has not received any packets from the server.
	at com.example.oasis.serviceImpl.RankTest.getPublicTrend2(RankTest.java:485)
Caused by: com.mysql.cj.exceptions.CJCommunicationsException: 
Communications link failure

The last packet sent successfully to the server was 0 milliseconds ago. The driver has not received any packets from the server.
	at com.example.oasis.serviceImpl.RankTest.getPublicTrend2(RankTest.java:485)
Caused by: java.net.ConnectException: Connection refused: connect
	at com.example.oasis.serviceImpl.RankTest.getPublicTrend2(RankTest.java:485)

