-------------------------------------------------------------------------------
Test set: com.example.oasis.serviceImpl.SearchTest
-------------------------------------------------------------------------------
Tests run: 7, Failures: 0, Errors: 6, Skipped: 0, Time elapsed: 21.295 s <<< FAILURE! - in com.example.oasis.serviceImpl.SearchTest
getListPaper  Time elapsed: 3.436 s  <<< ERROR!
org.mybatis.spring.MyBatisSystemException: 
nested exception is org.apache.ibatis.exceptions.PersistenceException: 
### Error querying database.  Cause: org.springframework.jdbc.CannotGetJdbcConnectionException: Failed to obtain JDBC Connection; nested exception is com.mysql.cj.jdbc.exceptions.CommunicationsException: Communications link failure

The last packet sent successfully to the server was 0 milliseconds ago. The driver has not received any packets from the server.
### The error may exist in file [E:\backend-webtest\target\classes\data\PaperMapper.xml]
### The error may involve com.example.oasis.dao.PaperMapper.selectPaper
### The error occurred while executing a query
### Cause: org.springframework.jdbc.CannotGetJdbcConnectionException: Failed to obtain JDBC Connection; nested exception is com.mysql.cj.jdbc.exceptions.CommunicationsException: Communications link failure

The last packet sent successfully to the server was 0 milliseconds ago. The driver has not received any packets from the server.
	at com.example.oasis.serviceImpl.SearchTest.getListPaper(SearchTest.java:37)
Caused by: org.apache.ibatis.exceptions.PersistenceException: 

### Error querying database.  Cause: org.springframework.jdbc.CannotGetJdbcConnectionException: Failed to obtain JDBC Connection; nested exception is com.mysql.cj.jdbc.exceptions.CommunicationsException: Communications link failure

The last packet sent successfully to the server was 0 milliseconds ago. The driver has not received any packets from the server.
### The error may exist in file [E:\backend-webtest\target\classes\data\PaperMapper.xml]
### The error may involve com.example.oasis.dao.PaperMapper.selectPaper
### The error occurred while executing a query
### Cause: org.springframework.jdbc.CannotGetJdbcConnectionException: Failed to obtain JDBC Connection; nested exception is com.mysql.cj.jdbc.exceptions.CommunicationsException: Communications link failure

The last packet sent successfully to the server was 0 milliseconds ago. The driver has not received any packets from the server.
	at com.example.oasis.serviceImpl.SearchTest.getListPaper(SearchTest.java:37)
Caused by: org.springframework.jdbc.CannotGetJdbcConnectionException: 
Failed to obtain JDBC Connection; nested exception is com.mysql.cj.jdbc.exceptions.CommunicationsException: Communications link failure

The last packet sent successfully to the server was 0 milliseconds ago. The driver has not received any packets from the server.
	at com.example.oasis.serviceImpl.SearchTest.getListPaper(SearchTest.java:37)
Caused by: com.mysql.cj.jdbc.exceptions.CommunicationsException: 
Communications link failure

The last packet sent successfully to the server was 0 milliseconds ago. The driver has not received any packets from the server.
	at com.example.oasis.serviceImpl.SearchTest.getListPaper(SearchTest.java:37)
Caused by: com.mysql.cj.exceptions.CJCommunicationsException: 
Communications link failure

The last packet sent successfully to the server was 0 milliseconds ago. The driver has not received any packets from the server.
	at com.example.oasis.serviceImpl.SearchTest.getListPaper(SearchTest.java:37)
Caused by: java.net.ConnectException: Connection refused: connect
	at com.example.oasis.serviceImpl.SearchTest.getListPaper(SearchTest.java:37)

getAffiliationTest  Time elapsed: 4.082 s  <<< ERROR!
org.mybatis.spring.MyBatisSystemException: 
nested exception is org.apache.ibatis.exceptions.PersistenceException: 
### Error querying database.  Cause: org.springframework.jdbc.CannotGetJdbcConnectionException: Failed to obtain JDBC Connection; nested exception is com.mysql.cj.jdbc.exceptions.CommunicationsException: Communications link failure

The last packet sent successfully to the server was 0 milliseconds ago. The driver has not received any packets from the server.
### The error may exist in file [E:\backend-webtest\target\classes\data\PaperMapper.xml]
### The error may involve com.example.oasis.dao.PaperMapper.selectAffiliation
### The error occurred while executing a query
### Cause: org.springframework.jdbc.CannotGetJdbcConnectionException: Failed to obtain JDBC Connection; nested exception is com.mysql.cj.jdbc.exceptions.CommunicationsException: Communications link failure

The last packet sent successfully to the server was 0 milliseconds ago. The driver has not received any packets from the server.
	at com.example.oasis.serviceImpl.SearchTest.getAffiliationTest(SearchTest.java:99)
Caused by: org.apache.ibatis.exceptions.PersistenceException: 

### Error querying database.  Cause: org.springframework.jdbc.CannotGetJdbcConnectionException: Failed to obtain JDBC Connection; nested exception is com.mysql.cj.jdbc.exceptions.CommunicationsException: Communications link failure

The last packet sent successfully to the server was 0 milliseconds ago. The driver has not received any packets from the server.
### The error may exist in file [E:\backend-webtest\target\classes\data\PaperMapper.xml]
### The error may involve com.example.oasis.dao.PaperMapper.selectAffiliation
### The error occurred while executing a query
### Cause: org.springframework.jdbc.CannotGetJdbcConnectionException: Failed to obtain JDBC Connection; nested exception is com.mysql.cj.jdbc.exceptions.CommunicationsException: Communications link failure

The last packet sent successfully to the server was 0 milliseconds ago. The driver has not received any packets from the server.
	at com.example.oasis.serviceImpl.SearchTest.getAffiliationTest(SearchTest.java:99)
Caused by: org.springframework.jdbc.CannotGetJdbcConnectionException: 
Failed to obtain JDBC Connection; nested exception is com.mysql.cj.jdbc.exceptions.CommunicationsException: Communications link failure

The last packet sent successfully to the server was 0 milliseconds ago. The driver has not received any packets from the server.
	at com.example.oasis.serviceImpl.SearchTest.getAffiliationTest(SearchTest.java:99)
Caused by: com.mysql.cj.jdbc.exceptions.CommunicationsException: 
Communications link failure

The last packet sent successfully to the server was 0 milliseconds ago. The driver has not received any packets from the server.
	at com.example.oasis.serviceImpl.SearchTest.getAffiliationTest(SearchTest.java:99)
Caused by: com.mysql.cj.exceptions.CJCommunicationsException: 
Communications link failure

The last packet sent successfully to the server was 0 milliseconds ago. The driver has not received any packets from the server.
	at com.example.oasis.serviceImpl.SearchTest.getAffiliationTest(SearchTest.java:99)
Caused by: java.net.ConnectException: Connection refused: connect
	at com.example.oasis.serviceImpl.SearchTest.getAffiliationTest(SearchTest.java:99)

getListPaperByCombina  Time elapsed: 3.56 s  <<< ERROR!
org.mybatis.spring.MyBatisSystemException: 
nested exception is org.apache.ibatis.exceptions.PersistenceException: 
### Error querying database.  Cause: org.springframework.jdbc.CannotGetJdbcConnectionException: Failed to obtain JDBC Connection; nested exception is com.mysql.cj.jdbc.exceptions.CommunicationsException: Communications link failure

The last packet sent successfully to the server was 0 milliseconds ago. The driver has not received any packets from the server.
### The error may exist in file [E:\backend-webtest\target\classes\data\PaperMapper.xml]
### The error may involve com.example.oasis.dao.PaperMapper.selectPaperByTwo
### The error occurred while executing a query
### Cause: org.springframework.jdbc.CannotGetJdbcConnectionException: Failed to obtain JDBC Connection; nested exception is com.mysql.cj.jdbc.exceptions.CommunicationsException: Communications link failure

The last packet sent successfully to the server was 0 milliseconds ago. The driver has not received any packets from the server.
	at com.example.oasis.serviceImpl.SearchTest.getListPaperByCombina(SearchTest.java:51)
Caused by: org.apache.ibatis.exceptions.PersistenceException: 

### Error querying database.  Cause: org.springframework.jdbc.CannotGetJdbcConnectionException: Failed to obtain JDBC Connection; nested exception is com.mysql.cj.jdbc.exceptions.CommunicationsException: Communications link failure

The last packet sent successfully to the server was 0 milliseconds ago. The driver has not received any packets from the server.
### The error may exist in file [E:\backend-webtest\target\classes\data\PaperMapper.xml]
### The error may involve com.example.oasis.dao.PaperMapper.selectPaperByTwo
### The error occurred while executing a query
### Cause: org.springframework.jdbc.CannotGetJdbcConnectionException: Failed to obtain JDBC Connection; nested exception is com.mysql.cj.jdbc.exceptions.CommunicationsException: Communications link failure

The last packet sent successfully to the server was 0 milliseconds ago. The driver has not received any packets from the server.
	at com.example.oasis.serviceImpl.SearchTest.getListPaperByCombina(SearchTest.java:51)
Caused by: org.springframework.jdbc.CannotGetJdbcConnectionException: 
Failed to obtain JDBC Connection; nested exception is com.mysql.cj.jdbc.exceptions.CommunicationsException: Communications link failure

The last packet sent successfully to the server was 0 milliseconds ago. The driver has not received any packets from the server.
	at com.example.oasis.serviceImpl.SearchTest.getListPaperByCombina(SearchTest.java:51)
Caused by: com.mysql.cj.jdbc.exceptions.CommunicationsException: 
Communications link failure

The last packet sent successfully to the server was 0 milliseconds ago. The driver has not received any packets from the server.
	at com.example.oasis.serviceImpl.SearchTest.getListPaperByCombina(SearchTest.java:51)
Caused by: com.mysql.cj.exceptions.CJCommunicationsException: 
Communications link failure

The last packet sent successfully to the server was 0 milliseconds ago. The driver has not received any packets from the server.
	at com.example.oasis.serviceImpl.SearchTest.getListPaperByCombina(SearchTest.java:51)
Caused by: java.net.ConnectException: Connection refused: connect
	at com.example.oasis.serviceImpl.SearchTest.getListPaperByCombina(SearchTest.java:51)

getTopAffiliation  Time elapsed: 3.329 s  <<< ERROR!
org.mybatis.spring.MyBatisSystemException: 
nested exception is org.apache.ibatis.exceptions.PersistenceException: 
### Error querying database.  Cause: org.springframework.jdbc.CannotGetJdbcConnectionException: Failed to obtain JDBC Connection; nested exception is com.mysql.cj.jdbc.exceptions.CommunicationsException: Communications link failure

The last packet sent successfully to the server was 0 milliseconds ago. The driver has not received any packets from the server.
### The error may exist in file [E:\backend-webtest\target\classes\data\PaperMapper.xml]
### The error may involve com.example.oasis.dao.PaperMapper.selectTopAffiliation
### The error occurred while executing a query
### Cause: org.springframework.jdbc.CannotGetJdbcConnectionException: Failed to obtain JDBC Connection; nested exception is com.mysql.cj.jdbc.exceptions.CommunicationsException: Communications link failure

The last packet sent successfully to the server was 0 milliseconds ago. The driver has not received any packets from the server.
	at com.example.oasis.serviceImpl.SearchTest.getTopAffiliation(SearchTest.java:108)
Caused by: org.apache.ibatis.exceptions.PersistenceException: 

### Error querying database.  Cause: org.springframework.jdbc.CannotGetJdbcConnectionException: Failed to obtain JDBC Connection; nested exception is com.mysql.cj.jdbc.exceptions.CommunicationsException: Communications link failure

The last packet sent successfully to the server was 0 milliseconds ago. The driver has not received any packets from the server.
### The error may exist in file [E:\backend-webtest\target\classes\data\PaperMapper.xml]
### The error may involve com.example.oasis.dao.PaperMapper.selectTopAffiliation
### The error occurred while executing a query
### Cause: org.springframework.jdbc.CannotGetJdbcConnectionException: Failed to obtain JDBC Connection; nested exception is com.mysql.cj.jdbc.exceptions.CommunicationsException: Communications link failure

The last packet sent successfully to the server was 0 milliseconds ago. The driver has not received any packets from the server.
	at com.example.oasis.serviceImpl.SearchTest.getTopAffiliation(SearchTest.java:108)
Caused by: org.springframework.jdbc.CannotGetJdbcConnectionException: 
Failed to obtain JDBC Connection; nested exception is com.mysql.cj.jdbc.exceptions.CommunicationsException: Communications link failure

The last packet sent successfully to the server was 0 milliseconds ago. The driver has not received any packets from the server.
	at com.example.oasis.serviceImpl.SearchTest.getTopAffiliation(SearchTest.java:108)
Caused by: com.mysql.cj.jdbc.exceptions.CommunicationsException: 
Communications link failure

The last packet sent successfully to the server was 0 milliseconds ago. The driver has not received any packets from the server.
	at com.example.oasis.serviceImpl.SearchTest.getTopAffiliation(SearchTest.java:108)
Caused by: com.mysql.cj.exceptions.CJCommunicationsException: 
Communications link failure

The last packet sent successfully to the server was 0 milliseconds ago. The driver has not received any packets from the server.
	at com.example.oasis.serviceImpl.SearchTest.getTopAffiliation(SearchTest.java:108)
Caused by: java.net.ConnectException: Connection refused: connect
	at com.example.oasis.serviceImpl.SearchTest.getTopAffiliation(SearchTest.java:108)

getNodesLinksTest  Time elapsed: 3.419 s  <<< ERROR!
org.mybatis.spring.MyBatisSystemException: 
nested exception is org.apache.ibatis.exceptions.PersistenceException: 
### Error querying database.  Cause: org.springframework.jdbc.CannotGetJdbcConnectionException: Failed to obtain JDBC Connection; nested exception is com.mysql.cj.jdbc.exceptions.CommunicationsException: Communications link failure

The last packet sent successfully to the server was 0 milliseconds ago. The driver has not received any packets from the server.
### The error may exist in file [E:\backend-webtest\target\classes\data\PaperMapper.xml]
### The error may involve com.example.oasis.dao.PaperMapper.getNodes
### The error occurred while executing a query
### Cause: org.springframework.jdbc.CannotGetJdbcConnectionException: Failed to obtain JDBC Connection; nested exception is com.mysql.cj.jdbc.exceptions.CommunicationsException: Communications link failure

The last packet sent successfully to the server was 0 milliseconds ago. The driver has not received any packets from the server.
	at com.example.oasis.serviceImpl.SearchTest.getNodesLinksTest(SearchTest.java:218)
Caused by: org.apache.ibatis.exceptions.PersistenceException: 

### Error querying database.  Cause: org.springframework.jdbc.CannotGetJdbcConnectionException: Failed to obtain JDBC Connection; nested exception is com.mysql.cj.jdbc.exceptions.CommunicationsException: Communications link failure

The last packet sent successfully to the server was 0 milliseconds ago. The driver has not received any packets from the server.
### The error may exist in file [E:\backend-webtest\target\classes\data\PaperMapper.xml]
### The error may involve com.example.oasis.dao.PaperMapper.getNodes
### The error occurred while executing a query
### Cause: org.springframework.jdbc.CannotGetJdbcConnectionException: Failed to obtain JDBC Connection; nested exception is com.mysql.cj.jdbc.exceptions.CommunicationsException: Communications link failure

The last packet sent successfully to the server was 0 milliseconds ago. The driver has not received any packets from the server.
	at com.example.oasis.serviceImpl.SearchTest.getNodesLinksTest(SearchTest.java:218)
Caused by: org.springframework.jdbc.CannotGetJdbcConnectionException: 
Failed to obtain JDBC Connection; nested exception is com.mysql.cj.jdbc.exceptions.CommunicationsException: Communications link failure

The last packet sent successfully to the server was 0 milliseconds ago. The driver has not received any packets from the server.
	at com.example.oasis.serviceImpl.SearchTest.getNodesLinksTest(SearchTest.java:218)
Caused by: com.mysql.cj.jdbc.exceptions.CommunicationsException: 
Communications link failure

The last packet sent successfully to the server was 0 milliseconds ago. The driver has not received any packets from the server.
	at com.example.oasis.serviceImpl.SearchTest.getNodesLinksTest(SearchTest.java:218)
Caused by: com.mysql.cj.exceptions.CJCommunicationsException: 
Communications link failure

The last packet sent successfully to the server was 0 milliseconds ago. The driver has not received any packets from the server.
	at com.example.oasis.serviceImpl.SearchTest.getNodesLinksTest(SearchTest.java:218)
Caused by: java.net.ConnectException: Connection refused: connect
	at com.example.oasis.serviceImpl.SearchTest.getNodesLinksTest(SearchTest.java:218)

getAffiliationsNodesLinksTest  Time elapsed: 3.38 s  <<< ERROR!
org.mybatis.spring.MyBatisSystemException: 
nested exception is org.apache.ibatis.exceptions.PersistenceException: 
### Error querying database.  Cause: org.springframework.jdbc.CannotGetJdbcConnectionException: Failed to obtain JDBC Connection; nested exception is com.mysql.cj.jdbc.exceptions.CommunicationsException: Communications link failure

The last packet sent successfully to the server was 0 milliseconds ago. The driver has not received any packets from the server.
### The error may exist in file [E:\backend-webtest\target\classes\data\PaperMapper.xml]
### The error may involve com.example.oasis.dao.PaperMapper.getAffiliationNodes
### The error occurred while executing a query
### Cause: org.springframework.jdbc.CannotGetJdbcConnectionException: Failed to obtain JDBC Connection; nested exception is com.mysql.cj.jdbc.exceptions.CommunicationsException: Communications link failure

The last packet sent successfully to the server was 0 milliseconds ago. The driver has not received any packets from the server.
	at com.example.oasis.serviceImpl.SearchTest.getAffiliationsNodesLinksTest(SearchTest.java:225)
Caused by: org.apache.ibatis.exceptions.PersistenceException: 

### Error querying database.  Cause: org.springframework.jdbc.CannotGetJdbcConnectionException: Failed to obtain JDBC Connection; nested exception is com.mysql.cj.jdbc.exceptions.CommunicationsException: Communications link failure

The last packet sent successfully to the server was 0 milliseconds ago. The driver has not received any packets from the server.
### The error may exist in file [E:\backend-webtest\target\classes\data\PaperMapper.xml]
### The error may involve com.example.oasis.dao.PaperMapper.getAffiliationNodes
### The error occurred while executing a query
### Cause: org.springframework.jdbc.CannotGetJdbcConnectionException: Failed to obtain JDBC Connection; nested exception is com.mysql.cj.jdbc.exceptions.CommunicationsException: Communications link failure

The last packet sent successfully to the server was 0 milliseconds ago. The driver has not received any packets from the server.
	at com.example.oasis.serviceImpl.SearchTest.getAffiliationsNodesLinksTest(SearchTest.java:225)
Caused by: org.springframework.jdbc.CannotGetJdbcConnectionException: 
Failed to obtain JDBC Connection; nested exception is com.mysql.cj.jdbc.exceptions.CommunicationsException: Communications link failure

The last packet sent successfully to the server was 0 milliseconds ago. The driver has not received any packets from the server.
	at com.example.oasis.serviceImpl.SearchTest.getAffiliationsNodesLinksTest(SearchTest.java:225)
Caused by: com.mysql.cj.jdbc.exceptions.CommunicationsException: 
Communications link failure

The last packet sent successfully to the server was 0 milliseconds ago. The driver has not received any packets from the server.
	at com.example.oasis.serviceImpl.SearchTest.getAffiliationsNodesLinksTest(SearchTest.java:225)
Caused by: com.mysql.cj.exceptions.CJCommunicationsException: 
Communications link failure

The last packet sent successfully to the server was 0 milliseconds ago. The driver has not received any packets from the server.
	at com.example.oasis.serviceImpl.SearchTest.getAffiliationsNodesLinksTest(SearchTest.java:225)
Caused by: java.net.ConnectException: Connection refused: connect
	at com.example.oasis.serviceImpl.SearchTest.getAffiliationsNodesLinksTest(SearchTest.java:225)

